<?xml version="1.0" encoding="UTF-8"?>
<testsuite name="com.climate.climatevisualizer.ClimateVisualizerApplicationTests" tests="1" skipped="0" failures="0" errors="0" timestamp="2019-04-21T23:57:45" hostname="CaveJohnson" time="0.137">
  <properties/>
  <testcase name="contextLoads" classname="com.climate.climatevisualizer.ClimateVisualizerApplicationTests" time="0.137"/>
  <system-out><![CDATA[19:57:43.673 [Test worker] DEBUG org.springframework.test.context.junit4.SpringJUnit4ClassRunner - SpringJUnit4ClassRunner constructor called with [class com.climate.climatevisualizer.ClimateVisualizerApplicationTests]
19:57:43.684 [Test worker] DEBUG org.springframework.test.context.BootstrapUtils - Instantiating CacheAwareContextLoaderDelegate from class [org.springframework.test.context.cache.DefaultCacheAwareContextLoaderDelegate]
19:57:43.697 [Test worker] DEBUG org.springframework.test.context.BootstrapUtils - Instantiating BootstrapContext using constructor [public org.springframework.test.context.support.DefaultBootstrapContext(java.lang.Class,org.springframework.test.context.CacheAwareContextLoaderDelegate)]
19:57:43.714 [Test worker] DEBUG org.springframework.test.context.BootstrapUtils - Instantiating TestContextBootstrapper for test class [com.climate.climatevisualizer.ClimateVisualizerApplicationTests] from class [org.springframework.boot.test.context.SpringBootTestContextBootstrapper]
19:57:43.729 [Test worker] INFO org.springframework.boot.test.context.SpringBootTestContextBootstrapper - Neither @ContextConfiguration nor @ContextHierarchy found for test class [com.climate.climatevisualizer.ClimateVisualizerApplicationTests], using SpringBootContextLoader
19:57:43.732 [Test worker] DEBUG org.springframework.test.context.support.AbstractContextLoader - Did not detect default resource location for test class [com.climate.climatevisualizer.ClimateVisualizerApplicationTests]: class path resource [com/climate/climatevisualizer/ClimateVisualizerApplicationTests-context.xml] does not exist
19:57:43.732 [Test worker] DEBUG org.springframework.test.context.support.AbstractContextLoader - Did not detect default resource location for test class [com.climate.climatevisualizer.ClimateVisualizerApplicationTests]: class path resource [com/climate/climatevisualizer/ClimateVisualizerApplicationTestsContext.groovy] does not exist
19:57:43.732 [Test worker] INFO org.springframework.test.context.support.AbstractContextLoader - Could not detect default resource locations for test class [com.climate.climatevisualizer.ClimateVisualizerApplicationTests]: no resource found for suffixes {-context.xml, Context.groovy}.
19:57:43.733 [Test worker] INFO org.springframework.test.context.support.AnnotationConfigContextLoaderUtils - Could not detect default configuration classes for test class [com.climate.climatevisualizer.ClimateVisualizerApplicationTests]: ClimateVisualizerApplicationTests does not declare any static, non-private, non-final, nested classes annotated with @Configuration.
19:57:43.771 [Test worker] DEBUG org.springframework.test.context.support.ActiveProfilesUtils - Could not find an 'annotation declaring class' for annotation type [org.springframework.test.context.ActiveProfiles] and class [com.climate.climatevisualizer.ClimateVisualizerApplicationTests]
19:57:43.825 [Test worker] DEBUG org.springframework.context.annotation.ClassPathScanningCandidateComponentProvider - Identified candidate component class: file [C:\Users\roque\Documents\Projects\climate-visualizer\build\classes\java\main\com\climate\climatevisualizer\ClimateVisualizerApplication.class]
19:57:43.827 [Test worker] INFO org.springframework.boot.test.context.SpringBootTestContextBootstrapper - Found @SpringBootConfiguration com.climate.climatevisualizer.ClimateVisualizerApplication for test class com.climate.climatevisualizer.ClimateVisualizerApplicationTests
19:57:43.906 [Test worker] DEBUG org.springframework.boot.test.context.SpringBootTestContextBootstrapper - @TestExecutionListeners is not present for class [com.climate.climatevisualizer.ClimateVisualizerApplicationTests]: using defaults.
19:57:43.906 [Test worker] INFO org.springframework.boot.test.context.SpringBootTestContextBootstrapper - Loaded default TestExecutionListener class names from location [META-INF/spring.factories]: [org.springframework.boot.test.autoconfigure.restdocs.RestDocsTestExecutionListener, org.springframework.boot.test.autoconfigure.web.client.MockRestServiceServerResetTestExecutionListener, org.springframework.boot.test.autoconfigure.web.servlet.MockMvcPrintOnlyOnFailureTestExecutionListener, org.springframework.boot.test.autoconfigure.web.servlet.WebDriverTestExecutionListener, org.springframework.boot.test.mock.mockito.MockitoTestExecutionListener, org.springframework.boot.test.mock.mockito.ResetMocksTestExecutionListener, org.springframework.test.context.web.ServletTestExecutionListener, org.springframework.test.context.support.DirtiesContextBeforeModesTestExecutionListener, org.springframework.test.context.support.DependencyInjectionTestExecutionListener, org.springframework.test.context.support.DirtiesContextTestExecutionListener, org.springframework.test.context.transaction.TransactionalTestExecutionListener, org.springframework.test.context.jdbc.SqlScriptsTestExecutionListener]
19:57:43.918 [Test worker] DEBUG org.springframework.boot.test.context.SpringBootTestContextBootstrapper - Skipping candidate TestExecutionListener [org.springframework.test.context.transaction.TransactionalTestExecutionListener] due to a missing dependency. Specify custom listener classes or make the default listener classes and their required dependencies available. Offending class: [org/springframework/transaction/interceptor/TransactionAttributeSource]
19:57:43.919 [Test worker] DEBUG org.springframework.boot.test.context.SpringBootTestContextBootstrapper - Skipping candidate TestExecutionListener [org.springframework.test.context.jdbc.SqlScriptsTestExecutionListener] due to a missing dependency. Specify custom listener classes or make the default listener classes and their required dependencies available. Offending class: [org/springframework/transaction/interceptor/TransactionAttribute]
19:57:43.919 [Test worker] INFO org.springframework.boot.test.context.SpringBootTestContextBootstrapper - Using TestExecutionListeners: [org.springframework.test.context.web.ServletTestExecutionListener@71968097, org.springframework.test.context.support.DirtiesContextBeforeModesTestExecutionListener@995a8ac, org.springframework.boot.test.mock.mockito.MockitoTestExecutionListener@575d6188, org.springframework.boot.test.autoconfigure.SpringBootDependencyInjectionTestExecutionListener@79105c67, org.springframework.test.context.support.DirtiesContextTestExecutionListener@3cc7e9ea, org.springframework.boot.test.autoconfigure.restdocs.RestDocsTestExecutionListener@18b3e616, org.springframework.boot.test.autoconfigure.web.client.MockRestServiceServerResetTestExecutionListener@24de95a9, org.springframework.boot.test.autoconfigure.web.servlet.MockMvcPrintOnlyOnFailureTestExecutionListener@5f560631, org.springframework.boot.test.autoconfigure.web.servlet.WebDriverTestExecutionListener@5c5d3c88, org.springframework.boot.test.mock.mockito.ResetMocksTestExecutionListener@5b59f243]
19:57:43.922 [Test worker] DEBUG org.springframework.test.annotation.ProfileValueUtils - Retrieved @ProfileValueSourceConfiguration [null] for test class [com.climate.climatevisualizer.ClimateVisualizerApplicationTests]
19:57:43.922 [Test worker] DEBUG org.springframework.test.annotation.ProfileValueUtils - Retrieved ProfileValueSource type [class org.springframework.test.annotation.SystemProfileValueSource] for class [com.climate.climatevisualizer.ClimateVisualizerApplicationTests]
19:57:43.922 [Test worker] DEBUG org.springframework.test.annotation.ProfileValueUtils - Retrieved @ProfileValueSourceConfiguration [null] for test class [com.climate.climatevisualizer.ClimateVisualizerApplicationTests]
19:57:43.923 [Test worker] DEBUG org.springframework.test.annotation.ProfileValueUtils - Retrieved ProfileValueSource type [class org.springframework.test.annotation.SystemProfileValueSource] for class [com.climate.climatevisualizer.ClimateVisualizerApplicationTests]
19:57:43.926 [Test worker] DEBUG org.springframework.test.context.support.AbstractDirtiesContextTestExecutionListener - Before test class: context [DefaultTestContext@3f680124 testClass = ClimateVisualizerApplicationTests, testInstance = [null], testMethod = [null], testException = [null], mergedContextConfiguration = [WebMergedContextConfiguration@3ae0a50 testClass = ClimateVisualizerApplicationTests, locations = '{}', classes = '{class com.climate.climatevisualizer.ClimateVisualizerApplication}', contextInitializerClasses = '[]', activeProfiles = '{}', propertySourceLocations = '{}', propertySourceProperties = '{org.springframework.boot.test.context.SpringBootTestContextBootstrapper=true}', contextCustomizers = set[org.springframework.boot.test.autoconfigure.properties.PropertyMappingContextCustomizer@0, org.springframework.boot.test.autoconfigure.web.servlet.WebDriverContextCustomizerFactory$Customizer@6c4dd071, org.springframework.boot.test.context.filter.ExcludeFilterContextCustomizer@4e64d0d0, org.springframework.boot.test.json.DuplicateJsonObjectContextCustomizerFactory$DuplicateJsonObjectContextCustomizer@569e5c20, org.springframework.boot.test.mock.mockito.MockitoContextCustomizer@0, org.springframework.boot.test.web.client.TestRestTemplateContextCustomizer@16d9b152], resourceBasePath = 'src/main/webapp', contextLoader = 'org.springframework.boot.test.context.SpringBootContextLoader', parent = [null]], attributes = map['org.springframework.test.context.web.ServletTestExecutionListener.activateListener' -> true]], class annotated with @DirtiesContext [false] with mode [null].
19:57:43.926 [Test worker] DEBUG org.springframework.test.annotation.ProfileValueUtils - Retrieved @ProfileValueSourceConfiguration [null] for test class [com.climate.climatevisualizer.ClimateVisualizerApplicationTests]
19:57:43.927 [Test worker] DEBUG org.springframework.test.annotation.ProfileValueUtils - Retrieved ProfileValueSource type [class org.springframework.test.annotation.SystemProfileValueSource] for class [com.climate.climatevisualizer.ClimateVisualizerApplicationTests]
19:57:43.944 [Test worker] DEBUG org.springframework.test.context.support.TestPropertySourceUtils - Adding inlined properties to environment: {spring.jmx.enabled=false, org.springframework.boot.test.context.SpringBootTestContextBootstrapper=true, server.port=-1}

  .   ____          _            __ _ _
 /\\ / ___'_ __ _ _(_)_ __  __ _ \ \ \ \
( ( )\___ | '_ | '_| | '_ \/ _` | \ \ \ \
 \\/  ___)| |_)| | | | | || (_| |  ) ) ) )
  '  |____| .__|_| |_|_| |_\__, | / / / /
 =========|_|==============|___/=/_/_/_/
 :: Spring Boot ::        (v2.1.4.RELEASE)

2019-04-21 19:57:44.129  INFO 85080 --- [    Test worker] c.c.c.ClimateVisualizerApplicationTests  : Starting ClimateVisualizerApplicationTests on CaveJohnson with PID 85080 (started by roque in C:\Users\roque\Documents\Projects\climate-visualizer)
2019-04-21 19:57:44.130  INFO 85080 --- [    Test worker] c.c.c.ClimateVisualizerApplicationTests  : No active profile set, falling back to default profiles: default
2019-04-21 19:57:45.359  INFO 85080 --- [    Test worker] o.s.s.concurrent.ThreadPoolTaskExecutor  : Initializing ExecutorService 'applicationTaskExecutor'
2019-04-21 19:57:45.555  INFO 85080 --- [    Test worker] o.s.b.a.w.s.WelcomePageHandlerMapping    : Adding welcome page template: index
2019-04-21 19:57:45.790  INFO 85080 --- [    Test worker] c.c.c.ClimateVisualizerApplicationTests  : Started ClimateVisualizerApplicationTests in 1.837 seconds (JVM running for 2.648)
]]></system-out>
  <system-err><![CDATA[]]></system-err>
</testsuite>
